<?xml version="1.0" encoding="UTF-8"?>
<testng-results skipped="0" failed="0" ignored="0" total="1" passed="1">
  <reporter-output>
  </reporter-output>
  <suite name="Default suite" duration-ms="107236" started-at="2021-05-10T12:41:22Z" finished-at="2021-05-10T12:43:10Z">
    <groups>
    </groups>
    <test name="Default test" duration-ms="107236" started-at="2021-05-10T12:41:22Z" finished-at="2021-05-10T12:43:10Z">
      <class name="com.test.base.Base">
        <test-method status="PASS" signature="start()[pri:0, instance:com.test.base.Base@2d928643]" name="start" is-config="true" duration-ms="90728" started-at="2021-05-10T12:41:22Z" finished-at="2021-05-10T12:42:53Z">
          <reporter-output>
          </reporter-output>
        </test-method> <!-- start -->
        <test-method status="PASS" signature="close()[pri:0, instance:com.test.base.Base@2d928643]" name="close" is-config="true" duration-ms="0" started-at="2021-05-10T12:43:10Z" finished-at="2021-05-10T12:43:10Z">
          <reporter-output>
          </reporter-output>
        </test-method> <!-- close -->
      </class> <!-- com.test.base.Base -->
      <class name="com.test.testCases.TC1_VerifyWeather">
        <test-method status="PASS" signature="searchCity()[pri:0, instance:com.test.testCases.TC1_VerifyWeather@5025a98f]" name="searchCity" duration-ms="16462" started-at="2021-05-10T12:42:53Z" finished-at="2021-05-10T12:43:10Z">
          <reporter-output>
          </reporter-output>
        </test-method> <!-- searchCity -->
      </class> <!-- com.test.testCases.TC1_VerifyWeather -->
    </test> <!-- Default test -->
  </suite> <!-- Default suite -->
</testng-results>
